d:\school\2324-space-sprint-project-astroworld\game\project\x64\debug\vc143.pdb
d:\school\2324-space-sprint-project-astroworld\game\project\x64\debug\vc143.idb
d:\school\2324-space-sprint-project-astroworld\game\project\x64\debug\rules.obj
d:\school\2324-space-sprint-project-astroworld\game\project\x64\debug\questions.obj
d:\school\2324-space-sprint-project-astroworld\game\project\x64\debug\game.obj
d:\school\2324-space-sprint-project-astroworld\game\project\x64\debug\main.obj
d:\school\2324-space-sprint-project-astroworld\game\project\x64\debug\menu.obj
d:\school\2324-space-sprint-project-astroworld\game\project\x64\debug\gamelost.obj
d:\school\2324-space-sprint-project-astroworld\game\project\x64\debug\questions.obj.enc
d:\school\2324-space-sprint-project-astroworld\game\x64\debug\astroworld.pdb
d:\school\2324-space-sprint-project-astroworld\game\project\x64\debug\astroworld.tlog\cl.command.1.tlog
d:\school\2324-space-sprint-project-astroworld\game\project\x64\debug\astroworld.tlog\cl.items.tlog
d:\school\2324-space-sprint-project-astroworld\game\project\x64\debug\astroworld.tlog\cl.read.1.tlog
d:\school\2324-space-sprint-project-astroworld\game\project\x64\debug\astroworld.tlog\cl.write.1.tlog
d:\school\2324-space-sprint-project-astroworld\game\project\x64\debug\astroworld.tlog\link.5152-cvtres.read.1.tlog
d:\school\2324-space-sprint-project-astroworld\game\project\x64\debug\astroworld.tlog\link.5152-cvtres.write.1.tlog
d:\school\2324-space-sprint-project-astroworld\game\project\x64\debug\astroworld.tlog\link.5152-rc.read.1.tlog
d:\school\2324-space-sprint-project-astroworld\game\project\x64\debug\astroworld.tlog\link.5152-rc.write.1.tlog
d:\school\2324-space-sprint-project-astroworld\game\project\x64\debug\astroworld.tlog\link.5152.read.1.tlog
d:\school\2324-space-sprint-project-astroworld\game\project\x64\debug\astroworld.tlog\link.5152.read.2.tlog
d:\school\2324-space-sprint-project-astroworld\game\project\x64\debug\astroworld.tlog\link.5152.write.1.tlog
d:\school\2324-space-sprint-project-astroworld\game\project\x64\debug\astroworld.tlog\link.command.1.tlog
d:\school\2324-space-sprint-project-astroworld\game\project\x64\debug\astroworld.tlog\link.read.1.tlog
d:\school\2324-space-sprint-project-astroworld\game\project\x64\debug\astroworld.tlog\link.write.1.tlog
