C:\Program Files\Microsoft Visual Studio\2022\Community\MSBuild\Microsoft\VC\v170\Microsoft.CppBuild.targets(517,5): warning MSB8028: The intermediate directory (x64\Debug\) contains files shared from another project (Project.vcxproj).  This can lead to incorrect clean and rebuild behavior.
  gameLost.cpp
C:\Users\dimai\Desktop\project\2324-space-sprint-project-astroworld\game\Project\gameLost.cpp(12,46): warning C4838: conversion from 'int' to 'float' requires a narrowing conversion
C:\Users\dimai\Desktop\project\2324-space-sprint-project-astroworld\game\Project\gameLost.cpp(12,46): warning C4244: 'initializing': conversion from 'int' to 'float', possible loss of data
C:\Users\dimai\Desktop\project\2324-space-sprint-project-astroworld\game\Project\gameLost.cpp(12,75): warning C4838: conversion from 'int' to 'float' requires a narrowing conversion
C:\Users\dimai\Desktop\project\2324-space-sprint-project-astroworld\game\Project\gameLost.cpp(12,75): warning C4244: 'initializing': conversion from 'int' to 'float', possible loss of data
C:\Users\dimai\Desktop\project\2324-space-sprint-project-astroworld\game\Project\gameLost.cpp(13,48): warning C4838: conversion from 'int' to 'float' requires a narrowing conversion
C:\Users\dimai\Desktop\project\2324-space-sprint-project-astroworld\game\Project\gameLost.cpp(13,48): warning C4244: 'initializing': conversion from 'int' to 'float', possible loss of data
C:\Users\dimai\Desktop\project\2324-space-sprint-project-astroworld\game\Project\gameLost.cpp(13,77): warning C4838: conversion from 'int' to 'float' requires a narrowing conversion
C:\Users\dimai\Desktop\project\2324-space-sprint-project-astroworld\game\Project\gameLost.cpp(13,77): warning C4244: 'initializing': conversion from 'int' to 'float', possible loss of data
  menu.cpp
  main.cpp
  game.cpp
C:\Users\dimai\Desktop\project\2324-space-sprint-project-astroworld\game\Project\game.cpp(17,16): warning C4244: 'return': conversion from 'double' to 'float', possible loss of data
C:\Users\dimai\Desktop\project\2324-space-sprint-project-astroworld\game\Project\game.cpp(133,49): warning C4244: 'argument': conversion from 'double' to 'int', possible loss of data
C:\Users\dimai\Desktop\project\2324-space-sprint-project-astroworld\game\Project\game.cpp(133,44): warning C4244: 'argument': conversion from 'double' to 'int', possible loss of data
  rules.cpp
C:\Users\dimai\Desktop\project\2324-space-sprint-project-astroworld\game\Project\rules.cpp(2,10): warning C4067: unexpected tokens following preprocessor directive - expected a newline
C:\Users\dimai\Desktop\project\2324-space-sprint-project-astroworld\game\Project\rules.cpp(57,60): warning C4838: conversion from 'int' to 'float' requires a narrowing conversion
C:\Users\dimai\Desktop\project\2324-space-sprint-project-astroworld\game\Project\rules.cpp(57,60): warning C4244: 'initializing': conversion from 'int' to 'float', possible loss of data
C:\Users\dimai\Desktop\project\2324-space-sprint-project-astroworld\game\Project\rules.cpp(57,91): warning C4838: conversion from 'int' to 'float' requires a narrowing conversion
C:\Users\dimai\Desktop\project\2324-space-sprint-project-astroworld\game\Project\rules.cpp(57,91): warning C4244: 'initializing': conversion from 'int' to 'float', possible loss of data
C:\Users\dimai\Desktop\project\2324-space-sprint-project-astroworld\game\Project\rules.cpp(58,63): warning C4838: conversion from 'int' to 'float' requires a narrowing conversion
C:\Users\dimai\Desktop\project\2324-space-sprint-project-astroworld\game\Project\rules.cpp(58,63): warning C4244: 'initializing': conversion from 'int' to 'float', possible loss of data
C:\Users\dimai\Desktop\project\2324-space-sprint-project-astroworld\game\Project\rules.cpp(58,94): warning C4838: conversion from 'int' to 'float' requires a narrowing conversion
C:\Users\dimai\Desktop\project\2324-space-sprint-project-astroworld\game\Project\rules.cpp(58,94): warning C4244: 'initializing': conversion from 'int' to 'float', possible loss of data
  Generating Code...
raylib.lib(rcore.c.obj) : warning LNK4099: PDB '' was not found with 'raylib.lib(rcore.c.obj)' or at ''; linking object as if no debug info
raylib.lib(rshapes.c.obj) : warning LNK4099: PDB '' was not found with 'raylib.lib(rshapes.c.obj)' or at ''; linking object as if no debug info
raylib.lib(rtextures.c.obj) : warning LNK4099: PDB '' was not found with 'raylib.lib(rtextures.c.obj)' or at ''; linking object as if no debug info
raylib.lib(rtext.c.obj) : warning LNK4099: PDB '' was not found with 'raylib.lib(rtext.c.obj)' or at ''; linking object as if no debug info
raylib.lib(rmodels.c.obj) : warning LNK4099: PDB '' was not found with 'raylib.lib(rmodels.c.obj)' or at ''; linking object as if no debug info
raylib.lib(utils.c.obj) : warning LNK4099: PDB '' was not found with 'raylib.lib(utils.c.obj)' or at ''; linking object as if no debug info
raylib.lib(init.c.obj) : warning LNK4099: PDB '' was not found with 'raylib.lib(init.c.obj)' or at ''; linking object as if no debug info
raylib.lib(monitor.c.obj) : warning LNK4099: PDB '' was not found with 'raylib.lib(monitor.c.obj)' or at ''; linking object as if no debug info
raylib.lib(window.c.obj) : warning LNK4099: PDB '' was not found with 'raylib.lib(window.c.obj)' or at ''; linking object as if no debug info
raylib.lib(input.c.obj) : warning LNK4099: PDB '' was not found with 'raylib.lib(input.c.obj)' or at ''; linking object as if no debug info
raylib.lib(context.c.obj) : warning LNK4099: PDB '' was not found with 'raylib.lib(context.c.obj)' or at ''; linking object as if no debug info
raylib.lib(win32_window.c.obj) : warning LNK4099: PDB '' was not found with 'raylib.lib(win32_window.c.obj)' or at ''; linking object as if no debug info
raylib.lib(win32_time.c.obj) : warning LNK4099: PDB '' was not found with 'raylib.lib(win32_time.c.obj)' or at ''; linking object as if no debug info
raylib.lib(win32_thread.c.obj) : warning LNK4099: PDB '' was not found with 'raylib.lib(win32_thread.c.obj)' or at ''; linking object as if no debug info
raylib.lib(platform.c.obj) : warning LNK4099: PDB '' was not found with 'raylib.lib(platform.c.obj)' or at ''; linking object as if no debug info
raylib.lib(vulkan.c.obj) : warning LNK4099: PDB '' was not found with 'raylib.lib(vulkan.c.obj)' or at ''; linking object as if no debug info
raylib.lib(win32_init.c.obj) : warning LNK4099: PDB '' was not found with 'raylib.lib(win32_init.c.obj)' or at ''; linking object as if no debug info
raylib.lib(win32_monitor.c.obj) : warning LNK4099: PDB '' was not found with 'raylib.lib(win32_monitor.c.obj)' or at ''; linking object as if no debug info
raylib.lib(wgl_context.c.obj) : warning LNK4099: PDB '' was not found with 'raylib.lib(wgl_context.c.obj)' or at ''; linking object as if no debug info
raylib.lib(egl_context.c.obj) : warning LNK4099: PDB '' was not found with 'raylib.lib(egl_context.c.obj)' or at ''; linking object as if no debug info
raylib.lib(osmesa_context.c.obj) : warning LNK4099: PDB '' was not found with 'raylib.lib(osmesa_context.c.obj)' or at ''; linking object as if no debug info
raylib.lib(win32_module.c.obj) : warning LNK4099: PDB '' was not found with 'raylib.lib(win32_module.c.obj)' or at ''; linking object as if no debug info
raylib.lib(win32_joystick.c.obj) : warning LNK4099: PDB '' was not found with 'raylib.lib(win32_joystick.c.obj)' or at ''; linking object as if no debug info
  Project.vcxproj -> C:\Users\dimai\Desktop\project\2324-space-sprint-project-astroworld\game\x64\Debug\ASTROWORLD.exe
